# JRE version: Java(TM) SE Runtime Environment (17.0.14+8) (build 17.0.14+8-LTS-191)
# Java VM: Java HotSpot(TM) 64-Bit Server VM (17.0.14+8-LTS-191, mixed mode, sharing, tiered, compressed oops, compressed class ptrs, g1 gc, windows-amd64)
GC Precious Log:
 CPUs: 8 total, 8 available
 Memory: 6019M
 Large Page Support: Disabled
 NUMA Support: Disabled
 Compressed Oops: Enabled (32-bit)
 Heap Region Size: 1M
 Heap Min Capacity: 8M
 Heap Initial Capacity: 96M
 Heap Max Capacity: 2G
 Pre-touch: Disabled
 Parallel Workers: 8
 Concurrent Workers: 2
 Concurrent Refinement Workers: 8
 Periodic GC: Disabled
Heap:
 garbage-first heap   total 338944K, used 281773K [0x0000000080000000, 0x0000000100000000)
  region size 1024K, 19 young (19456K), 4 survivors (4096K)
 Metaspace       used 123105K, committed 124480K, reserved 557056K
  class space    used 17104K, committed 17728K, reserved 425984K
GC Heap History (20 events):
Event: 183.253 GC heap before
{Heap before GC invocations=68 (full 0):
 garbage-first heap   total 338944K, used 284404K [0x0000000080000000, 0x0000000100000000)
  region size 1024K, 55 young (56320K), 4 survivors (4096K)
 Metaspace       used 116603K, committed 117888K, reserved 557056K
  class space    used 16269K, committed 16896K, reserved 425984K
}
Event: 183.265 GC heap after
{Heap after GC invocations=69 (full 0):
 garbage-first heap   total 338944K, used 236397K [0x0000000080000000, 0x0000000100000000)
  region size 1024K, 7 young (7168K), 7 survivors (7168K)
 Metaspace       used 116603K, committed 117888K, reserved 557056K
  class space    used 16269K, committed 16896K, reserved 425984K
}
Event: 184.008 GC heap before
{Heap before GC invocations=69 (full 0):
 garbage-first heap   total 338944K, used 284525K [0x0000000080000000, 0x0000000100000000)
  region size 1024K, 55 young (56320K), 7 survivors (7168K)
 Metaspace       used 116719K, committed 118016K, reserved 557056K
  class space    used 16280K, committed 16960K, reserved 425984K
}
Event: 184.023 GC heap after
{Heap after GC invocations=70 (full 0):
 garbage-first heap   total 338944K, used 238999K [0x0000000080000000, 0x0000000100000000)
  region size 1024K, 5 young (5120K), 5 survivors (5120K)
 Metaspace       used 116719K, committed 118016K, reserved 557056K
  class space    used 16280K, committed 16960K, reserved 425984K
}
Event: 184.362 GC heap before
{Heap before GC invocations=70 (full 0):
 garbage-first heap   total 338944K, used 285079K [0x0000000080000000, 0x0000000100000000)
  region size 1024K, 51 young (52224K), 5 survivors (5120K)
 Metaspace       used 116719K, committed 118016K, reserved 557056K
  class space    used 16280K, committed 16960K, reserved 425984K
}
Event: 184.369 GC heap after
{Heap after GC invocations=71 (full 0):
 garbage-first heap   total 338944K, used 239836K [0x0000000080000000, 0x0000000100000000)
  region size 1024K, 4 young (4096K), 4 survivors (4096K)
 Metaspace       used 116719K, committed 118016K, reserved 557056K
  class space    used 16280K, committed 16960K, reserved 425984K
}
Event: 186.377 GC heap before
{Heap before GC invocations=71 (full 0):
 garbage-first heap   total 338944K, used 287964K [0x0000000080000000, 0x0000000100000000)
  region size 1024K, 51 young (52224K), 4 survivors (4096K)
 Metaspace       used 117091K, committed 118400K, reserved 557056K
  class space    used 16323K, committed 16960K, reserved 425984K
}
Event: 186.392 GC heap after
{Heap after GC invocations=72 (full 0):
 garbage-first heap   total 338944K, used 244911K [0x0000000080000000, 0x0000000100000000)
  region size 1024K, 7 young (7168K), 7 survivors (7168K)
 Metaspace       used 117091K, committed 118400K, reserved 557056K
  class space    used 16323K, committed 16960K, reserved 425984K
}
Event: 186.877 GC heap before
{Heap before GC invocations=72 (full 0):
 garbage-first heap   total 338944K, used 285871K [0x0000000080000000, 0x0000000100000000)
  region size 1024K, 48 young (49152K), 7 survivors (7168K)
 Metaspace       used 117091K, committed 118400K, reserved 557056K
  class space    used 16323K, committed 16960K, reserved 425984K
}
Event: 186.897 GC heap after
{Heap after GC invocations=73 (full 0):
 garbage-first heap   total 338944K, used 246538K [0x0000000080000000, 0x0000000100000000)
  region size 1024K, 4 young (4096K), 4 survivors (4096K)
 Metaspace       used 117091K, committed 118400K, reserved 557056K
  class space    used 16323K, committed 16960K, reserved 425984K
}
Event: 188.187 GC heap before
{Heap before GC invocations=73 (full 0):
 garbage-first heap   total 338944K, used 287498K [0x0000000080000000, 0x0000000100000000)
  region size 1024K, 45 young (46080K), 4 survivors (4096K)
 Metaspace       used 117091K, committed 118400K, reserved 557056K
  class space    used 16323K, committed 16960K, reserved 425984K
}
Event: 188.207 GC heap after
{Heap after GC invocations=74 (full 0):
 garbage-first heap   total 338944K, used 246999K [0x0000000080000000, 0x0000000100000000)
  region size 1024K, 4 young (4096K), 4 survivors (4096K)
 Metaspace       used 117091K, committed 118400K, reserved 557056K
  class space    used 16323K, committed 16960K, reserved 425984K
}
Event: 196.969 GC heap before
{Heap before GC invocations=74 (full 0):
 garbage-first heap   total 338944K, used 291031K [0x0000000080000000, 0x0000000100000000)
  region size 1024K, 46 young (47104K), 4 survivors (4096K)
 Metaspace       used 118021K, committed 119424K, reserved 557056K
  class space    used 16462K, committed 17152K, reserved 425984K
}
Event: 196.982 GC heap after
{Heap after GC invocations=75 (full 0):
 garbage-first heap   total 338944K, used 254158K [0x0000000080000000, 0x0000000100000000)
  region size 1024K, 6 young (6144K), 6 survivors (6144K)
 Metaspace       used 118021K, committed 119424K, reserved 557056K
  class space    used 16462K, committed 17152K, reserved 425984K
}
Event: 199.168 GC heap before
{Heap before GC invocations=75 (full 0):
 garbage-first heap   total 338944K, used 287950K [0x0000000080000000, 0x0000000100000000)
  region size 1024K, 40 young (40960K), 6 survivors (6144K)
 Metaspace       used 121535K, committed 122880K, reserved 557056K
  class space    used 16942K, committed 17600K, reserved 425984K
}
Event: 199.182 GC heap after
{Heap after GC invocations=76 (full 0):
 garbage-first heap   total 338944K, used 256244K [0x0000000080000000, 0x0000000100000000)
  region size 1024K, 3 young (3072K), 3 survivors (3072K)
 Metaspace       used 121535K, committed 122880K, reserved 557056K
  class space    used 16942K, committed 17600K, reserved 425984K
}
Event: 201.542 GC heap before
{Heap before GC invocations=76 (full 0):
 garbage-first heap   total 338944K, used 290036K [0x0000000080000000, 0x0000000100000000)
  region size 1024K, 36 young (36864K), 3 survivors (3072K)
 Metaspace       used 122488K, committed 123904K, reserved 557056K
  class space    used 17046K, committed 17728K, reserved 425984K
}
Event: 201.562 GC heap after
{Heap after GC invocations=77 (full 0):
 garbage-first heap   total 338944K, used 262969K [0x0000000080000000, 0x0000000100000000)
  region size 1024K, 5 young (5120K), 5 survivors (5120K)
 Metaspace       used 122488K, committed 123904K, reserved 557056K
  class space    used 17046K, committed 17728K, reserved 425984K
}
Event: 204.125 GC heap before
{Heap before GC invocations=77 (full 0):
 garbage-first heap   total 338944K, used 290617K [0x0000000080000000, 0x0000000100000000)
  region size 1024K, 32 young (32768K), 5 survivors (5120K)
 Metaspace       used 123010K, committed 124352K, reserved 557056K
  class space    used 17103K, committed 17728K, reserved 425984K
}
Event: 204.158 GC heap after
{Heap after GC invocations=78 (full 0):
 garbage-first heap   total 338944K, used 267437K [0x0000000080000000, 0x0000000100000000)
  region size 1024K, 4 young (4096K), 4 survivors (4096K)
 Metaspace       used 123010K, committed 124352K, reserved 557056K
  class space    used 17103K, committed 17728K, reserved 425984K
}

