# JRE version: Java(TM) SE Runtime Environment (17.0.14+8) (build 17.0.14+8-LTS-191)
# Java VM: Java HotSpot(TM) 64-Bit Server VM (17.0.14+8-LTS-191, mixed mode, sharing, tiered, compressed oops, compressed class ptrs, g1 gc, windows-amd64)
GC Precious Log:
 CPUs: 8 total, 8 available
 Memory: 6019M
 Large Page Support: Disabled
 NUMA Support: Disabled
 Compressed Oops: Enabled (32-bit)
 Heap Region Size: 1M
 Heap Min Capacity: 8M
 Heap Initial Capacity: 96M
 Heap Max Capacity: 2G
 Pre-touch: Disabled
 Parallel Workers: 8
 Concurrent Workers: 2
 Concurrent Refinement Workers: 8
 Periodic GC: Disabled
Heap:
 garbage-first heap   total 386048K, used 313344K [0x0000000080000000, 0x0000000100000000)
  region size 1024K, 4 young (4096K), 4 survivors (4096K)
 Metaspace       used 119800K, committed 121536K, reserved 557056K
  class space    used 16746K, committed 17536K, reserved 425984K
GC Heap History (20 events):
Event: 43.994 GC heap after
{Heap after GC invocations=87 (full 0):
 garbage-first heap   total 386048K, used 274226K [0x0000000080000000, 0x0000000100000000)
  region size 1024K, 8 young (8192K), 8 survivors (8192K)
 Metaspace       used 113842K, committed 115328K, reserved 557056K
  class space    used 15953K, committed 16640K, reserved 425984K
}
Event: 44.140 GC heap before
{Heap before GC invocations=87 (full 0):
 garbage-first heap   total 386048K, used 326450K [0x0000000080000000, 0x0000000100000000)
  region size 1024K, 60 young (61440K), 8 survivors (8192K)
 Metaspace       used 113842K, committed 115328K, reserved 557056K
  class space    used 15953K, committed 16640K, reserved 425984K
}
Event: 44.147 GC heap after
{Heap after GC invocations=88 (full 0):
 garbage-first heap   total 386048K, used 276061K [0x0000000080000000, 0x0000000100000000)
  region size 1024K, 4 young (4096K), 4 survivors (4096K)
 Metaspace       used 113842K, committed 115328K, reserved 557056K
  class space    used 15953K, committed 16640K, reserved 425984K
}
Event: 44.819 GC heap before
{Heap before GC invocations=88 (full 0):
 garbage-first heap   total 386048K, used 329309K [0x0000000080000000, 0x0000000100000000)
  region size 1024K, 56 young (57344K), 4 survivors (4096K)
 Metaspace       used 114078K, committed 115584K, reserved 557056K
  class space    used 15980K, committed 16640K, reserved 425984K
}
Event: 44.826 GC heap after
{Heap after GC invocations=89 (full 0):
 garbage-first heap   total 386048K, used 279350K [0x0000000080000000, 0x0000000100000000)
  region size 1024K, 7 young (7168K), 7 survivors (7168K)
 Metaspace       used 114078K, committed 115584K, reserved 557056K
  class space    used 15980K, committed 16640K, reserved 425984K
}
Event: 45.272 GC heap before
{Heap before GC invocations=89 (full 0):
 garbage-first heap   total 386048K, used 328502K [0x0000000080000000, 0x0000000100000000)
  region size 1024K, 56 young (57344K), 7 survivors (7168K)
 Metaspace       used 114161K, committed 115712K, reserved 557056K
  class space    used 15988K, committed 16640K, reserved 425984K
}
Event: 45.284 GC heap after
{Heap after GC invocations=90 (full 0):
 garbage-first heap   total 386048K, used 282333K [0x0000000080000000, 0x0000000100000000)
  region size 1024K, 6 young (6144K), 6 survivors (6144K)
 Metaspace       used 114161K, committed 115712K, reserved 557056K
  class space    used 15988K, committed 16640K, reserved 425984K
}
Event: 45.402 GC heap before
{Heap before GC invocations=90 (full 0):
 garbage-first heap   total 386048K, used 328413K [0x0000000080000000, 0x0000000100000000)
  region size 1024K, 52 young (53248K), 6 survivors (6144K)
 Metaspace       used 114161K, committed 115712K, reserved 557056K
  class space    used 15988K, committed 16640K, reserved 425984K
}
Event: 45.408 GC heap after
{Heap after GC invocations=91 (full 0):
 garbage-first heap   total 386048K, used 283099K [0x0000000080000000, 0x0000000100000000)
  region size 1024K, 4 young (4096K), 4 survivors (4096K)
 Metaspace       used 114161K, committed 115712K, reserved 557056K
  class space    used 15988K, committed 16640K, reserved 425984K
}
Event: 46.037 GC heap before
{Heap before GC invocations=91 (full 0):
 garbage-first heap   total 386048K, used 332251K [0x0000000080000000, 0x0000000100000000)
  region size 1024K, 51 young (52224K), 4 survivors (4096K)
 Metaspace       used 115245K, committed 116928K, reserved 557056K
  class space    used 16158K, committed 16960K, reserved 425984K
}
Event: 46.044 GC heap after
{Heap after GC invocations=92 (full 0):
 garbage-first heap   total 386048K, used 290145K [0x0000000080000000, 0x0000000100000000)
  region size 1024K, 7 young (7168K), 7 survivors (7168K)
 Metaspace       used 115245K, committed 116928K, reserved 557056K
  class space    used 16158K, committed 16960K, reserved 425984K
}
Event: 46.914 GC heap before
{Heap before GC invocations=92 (full 0):
 garbage-first heap   total 386048K, used 329057K [0x0000000080000000, 0x0000000100000000)
  region size 1024K, 46 young (47104K), 7 survivors (7168K)
 Metaspace       used 118268K, committed 119936K, reserved 557056K
  class space    used 16599K, committed 17344K, reserved 425984K
}
Event: 46.922 GC heap after
{Heap after GC invocations=93 (full 0):
 garbage-first heap   total 386048K, used 292684K [0x0000000080000000, 0x0000000100000000)
  region size 1024K, 3 young (3072K), 3 survivors (3072K)
 Metaspace       used 118268K, committed 119936K, reserved 557056K
  class space    used 16599K, committed 17344K, reserved 425984K
}
Event: 48.019 GC heap before
{Heap before GC invocations=93 (full 0):
 garbage-first heap   total 386048K, used 331596K [0x0000000080000000, 0x0000000100000000)
  region size 1024K, 41 young (41984K), 3 survivors (3072K)
 Metaspace       used 118971K, committed 120640K, reserved 557056K
  class space    used 16656K, committed 17408K, reserved 425984K
}
Event: 48.039 GC heap after
{Heap after GC invocations=94 (full 0):
 garbage-first heap   total 386048K, used 303317K [0x0000000080000000, 0x0000000100000000)
  region size 1024K, 6 young (6144K), 6 survivors (6144K)
 Metaspace       used 118971K, committed 120640K, reserved 557056K
  class space    used 16656K, committed 17408K, reserved 425984K
}
Event: 48.572 GC heap before
{Heap before GC invocations=94 (full 0):
 garbage-first heap   total 386048K, used 329941K [0x0000000080000000, 0x0000000100000000)
  region size 1024K, 32 young (32768K), 6 survivors (6144K)
 Metaspace       used 119543K, committed 121280K, reserved 557056K
  class space    used 16732K, committed 17536K, reserved 425984K
}
Event: 48.585 GC heap after
{Heap after GC invocations=95 (full 0):
 garbage-first heap   total 386048K, used 308374K [0x0000000080000000, 0x0000000100000000)
  region size 1024K, 4 young (4096K), 4 survivors (4096K)
 Metaspace       used 119543K, committed 121280K, reserved 557056K
  class space    used 16732K, committed 17536K, reserved 425984K
}
Event: 48.990 GC heap before
{Heap before GC invocations=95 (full 0):
 garbage-first heap   total 386048K, used 331926K [0x0000000080000000, 0x0000000100000000)
  region size 1024K, 27 young (27648K), 4 survivors (4096K)
 Metaspace       used 119677K, committed 121408K, reserved 557056K
  class space    used 16735K, committed 17536K, reserved 425984K
}
Event: 49.005 GC heap after
{Heap after GC invocations=96 (full 0):
 garbage-first heap   total 386048K, used 311384K [0x0000000080000000, 0x0000000100000000)
  region size 1024K, 3 young (3072K), 3 survivors (3072K)
 Metaspace       used 119677K, committed 121408K, reserved 557056K
  class space    used 16735K, committed 17536K, reserved 425984K
}
Event: 49.314 GC heap before
{Heap before GC invocations=96 (full 0):
 garbage-first heap   total 386048K, used 333912K [0x0000000080000000, 0x0000000100000000)
  region size 1024K, 25 young (25600K), 3 survivors (3072K)
 Metaspace       used 119800K, committed 121536K, reserved 557056K
  class space    used 16746K, committed 17536K, reserved 425984K
}

