# JRE version: Java(TM) SE Runtime Environment (17.0.14+8) (build 17.0.14+8-LTS-191)
# Java VM: Java HotSpot(TM) 64-Bit Server VM (17.0.14+8-LTS-191, mixed mode, sharing, tiered, compressed oops, compressed class ptrs, g1 gc, windows-amd64)
GC Precious Log:
 CPUs: 8 total, 8 available
 Memory: 6019M
 Large Page Support: Disabled
 NUMA Support: Disabled
 Compressed Oops: Enabled (32-bit)
 Heap Region Size: 1M
 Heap Min Capacity: 8M
 Heap Initial Capacity: 96M
 Heap Max Capacity: 2G
 Pre-touch: Disabled
 Parallel Workers: 8
 Concurrent Workers: 2
 Concurrent Refinement Workers: 8
 Periodic GC: Disabled
Heap:
 garbage-first heap   total 391168K, used 196462K [0x0000000080000000, 0x0000000100000000)
  region size 1024K, 3 young (3072K), 3 survivors (3072K)
 Metaspace       used 107605K, committed 108864K, reserved 557056K
  class space    used 14991K, committed 15552K, reserved 425984K
GC Heap History (20 events):
Event: 30.310 GC heap after
{Heap after GC invocations=52 (full 0):
 garbage-first heap   total 247808K, used 153982K [0x0000000080000000, 0x0000000100000000)
  region size 1024K, 4 young (4096K), 4 survivors (4096K)
 Metaspace       used 104376K, committed 105536K, reserved 557056K
  class space    used 14603K, committed 15168K, reserved 425984K
}
Event: 31.265 GC heap before
{Heap before GC invocations=52 (full 0):
 garbage-first heap   total 247808K, used 203134K [0x0000000080000000, 0x0000000100000000)
  region size 1024K, 53 young (54272K), 4 survivors (4096K)
 Metaspace       used 105932K, committed 107136K, reserved 557056K
  class space    used 14747K, committed 15296K, reserved 425984K
}
Event: 31.280 GC heap after
{Heap after GC invocations=53 (full 0):
 garbage-first heap   total 247808K, used 162831K [0x0000000080000000, 0x0000000100000000)
  region size 1024K, 7 young (7168K), 7 survivors (7168K)
 Metaspace       used 105932K, committed 107136K, reserved 557056K
  class space    used 14747K, committed 15296K, reserved 425984K
}
Event: 31.451 GC heap before
{Heap before GC invocations=53 (full 0):
 garbage-first heap   total 247808K, used 201743K [0x0000000080000000, 0x0000000100000000)
  region size 1024K, 46 young (47104K), 7 survivors (7168K)
 Metaspace       used 105935K, committed 107136K, reserved 557056K
  class space    used 14747K, committed 15296K, reserved 425984K
}
Event: 31.466 GC heap after
{Heap after GC invocations=54 (full 0):
 garbage-first heap   total 247808K, used 165986K [0x0000000080000000, 0x0000000100000000)
  region size 1024K, 4 young (4096K), 4 survivors (4096K)
 Metaspace       used 105935K, committed 107136K, reserved 557056K
  class space    used 14747K, committed 15296K, reserved 425984K
}
Event: 31.692 GC heap before
{Heap before GC invocations=54 (full 0):
 garbage-first heap   total 247808K, used 204898K [0x0000000080000000, 0x0000000100000000)
  region size 1024K, 43 young (44032K), 4 survivors (4096K)
 Metaspace       used 105935K, committed 107136K, reserved 557056K
  class space    used 14747K, committed 15296K, reserved 425984K
}
Event: 31.696 GC heap after
{Heap after GC invocations=55 (full 0):
 garbage-first heap   total 247808K, used 167131K [0x0000000080000000, 0x0000000100000000)
  region size 1024K, 4 young (4096K), 4 survivors (4096K)
 Metaspace       used 105935K, committed 107136K, reserved 557056K
  class space    used 14747K, committed 15296K, reserved 425984K
}
Event: 32.159 GC heap before
{Heap before GC invocations=55 (full 0):
 garbage-first heap   total 247808K, used 206043K [0x0000000080000000, 0x0000000100000000)
  region size 1024K, 43 young (44032K), 4 survivors (4096K)
 Metaspace       used 105935K, committed 107136K, reserved 557056K
  class space    used 14747K, committed 15296K, reserved 425984K
}
Event: 32.163 GC heap after
{Heap after GC invocations=56 (full 0):
 garbage-first heap   total 247808K, used 167644K [0x0000000080000000, 0x0000000100000000)
  region size 1024K, 4 young (4096K), 4 survivors (4096K)
 Metaspace       used 105935K, committed 107136K, reserved 557056K
  class space    used 14747K, committed 15296K, reserved 425984K
}
Event: 33.134 GC heap before
{Heap before GC invocations=56 (full 0):
 garbage-first heap   total 247808K, used 206556K [0x0000000080000000, 0x0000000100000000)
  region size 1024K, 40 young (40960K), 4 survivors (4096K)
 Metaspace       used 106462K, committed 107648K, reserved 557056K
  class space    used 14811K, committed 15360K, reserved 425984K
}
Event: 33.151 GC heap after
{Heap after GC invocations=57 (full 0):
 garbage-first heap   total 247808K, used 176921K [0x0000000080000000, 0x0000000100000000)
  region size 1024K, 6 young (6144K), 6 survivors (6144K)
 Metaspace       used 106462K, committed 107648K, reserved 557056K
  class space    used 14811K, committed 15360K, reserved 425984K
}
Event: 33.732 GC heap before
{Heap before GC invocations=58 (full 0):
 garbage-first heap   total 327680K, used 206617K [0x0000000080000000, 0x0000000100000000)
  region size 1024K, 35 young (35840K), 6 survivors (6144K)
 Metaspace       used 106954K, committed 108160K, reserved 557056K
  class space    used 14898K, committed 15424K, reserved 425984K
}
Event: 33.745 GC heap after
{Heap after GC invocations=59 (full 0):
 garbage-first heap   total 327680K, used 180540K [0x0000000080000000, 0x0000000100000000)
  region size 1024K, 4 young (4096K), 4 survivors (4096K)
 Metaspace       used 106954K, committed 108160K, reserved 557056K
  class space    used 14898K, committed 15424K, reserved 425984K
}
Event: 34.064 GC heap before
{Heap before GC invocations=59 (full 0):
 garbage-first heap   total 327680K, used 192828K [0x0000000080000000, 0x0000000100000000)
  region size 1024K, 16 young (16384K), 4 survivors (4096K)
 Metaspace       used 107171K, committed 108416K, reserved 557056K
  class space    used 14939K, committed 15488K, reserved 425984K
}
Event: 34.081 GC heap after
{Heap after GC invocations=60 (full 0):
 garbage-first heap   total 327680K, used 178608K [0x0000000080000000, 0x0000000100000000)
  region size 1024K, 2 young (2048K), 2 survivors (2048K)
 Metaspace       used 107171K, committed 108416K, reserved 557056K
  class space    used 14939K, committed 15488K, reserved 425984K
}
Event: 35.435 GC heap before
{Heap before GC invocations=60 (full 0):
 garbage-first heap   total 327680K, used 265648K [0x0000000080000000, 0x0000000100000000)
  region size 1024K, 88 young (90112K), 2 survivors (2048K)
 Metaspace       used 107443K, committed 108736K, reserved 557056K
  class space    used 14969K, committed 15552K, reserved 425984K
}
Event: 35.451 GC heap after
{Heap after GC invocations=61 (full 0):
 garbage-first heap   total 327680K, used 186014K [0x0000000080000000, 0x0000000100000000)
  region size 1024K, 10 young (10240K), 10 survivors (10240K)
 Metaspace       used 107443K, committed 108736K, reserved 557056K
  class space    used 14969K, committed 15552K, reserved 425984K
}
Event: 36.509 GC heap before
{Heap before GC invocations=62 (full 0):
 garbage-first heap   total 391168K, used 262814K [0x0000000080000000, 0x0000000100000000)
  region size 1024K, 86 young (88064K), 10 survivors (10240K)
 Metaspace       used 107477K, committed 108736K, reserved 557056K
  class space    used 14972K, committed 15552K, reserved 425984K
}
Event: 36.541 GC heap after
{Heap after GC invocations=63 (full 0):
 garbage-first heap   total 391168K, used 189452K [0x0000000080000000, 0x0000000100000000)
  region size 1024K, 6 young (6144K), 6 survivors (6144K)
 Metaspace       used 107477K, committed 108736K, reserved 557056K
  class space    used 14972K, committed 15552K, reserved 425984K
}
Event: 37.093 GC heap before
{Heap before GC invocations=63 (full 0):
 garbage-first heap   total 391168K, used 206860K [0x0000000080000000, 0x0000000100000000)
  region size 1024K, 19 young (19456K), 6 survivors (6144K)
 Metaspace       used 107605K, committed 108864K, reserved 557056K
  class space    used 14991K, committed 15552K, reserved 425984K
}

