# JRE version: Java(TM) SE Runtime Environment (17.0.14+8) (build 17.0.14+8-LTS-191)
# Java VM: Java HotSpot(TM) 64-Bit Server VM (17.0.14+8-LTS-191, mixed mode, sharing, tiered, compressed oops, compressed class ptrs, g1 gc, windows-amd64)
GC Precious Log:
 CPUs: 8 total, 8 available
 Memory: 6019M
 Large Page Support: Disabled
 NUMA Support: Disabled
 Compressed Oops: Enabled (32-bit)
 Heap Region Size: 1M
 Heap Min Capacity: 8M
 Heap Initial Capacity: 96M
 Heap Max Capacity: 2G
 Pre-touch: Disabled
 Parallel Workers: 8
 Concurrent Workers: 2
 Concurrent Refinement Workers: 8
 Periodic GC: Disabled
Heap:
 garbage-first heap   total 307200K, used 212275K [0x0000000080000000, 0x0000000100000000)
  region size 1024K, 118 young (120832K), 14 survivors (14336K)
 Metaspace       used 90547K, committed 91520K, reserved 557056K
  class space    used 12546K, committed 13056K, reserved 425984K
GC Heap History (20 events):
Event: 25.081 GC heap before
{Heap before GC invocations=29 (full 0):
 garbage-first heap   total 153600K, used 61115K [0x0000000080000000, 0x0000000100000000)
  region size 1024K, 8 young (8192K), 7 survivors (7168K)
 Metaspace       used 64572K, committed 65280K, reserved 491520K
  class space    used 9149K, committed 9472K, reserved 425984K
}
Event: 25.089 GC heap after
{Heap after GC invocations=30 (full 0):
 garbage-first heap   total 153600K, used 60133K [0x0000000080000000, 0x0000000100000000)
  region size 1024K, 1 young (1024K), 1 survivors (1024K)
 Metaspace       used 64572K, committed 65280K, reserved 491520K
  class space    used 9149K, committed 9472K, reserved 425984K
}
Event: 27.878 GC heap before
{Heap before GC invocations=30 (full 0):
 garbage-first heap   total 153600K, used 123621K [0x0000000080000000, 0x0000000100000000)
  region size 1024K, 63 young (64512K), 1 survivors (1024K)
 Metaspace       used 67755K, committed 68544K, reserved 491520K
  class space    used 9593K, committed 9984K, reserved 425984K
}
Event: 27.887 GC heap after
{Heap after GC invocations=31 (full 0):
 garbage-first heap   total 153600K, used 64899K [0x0000000080000000, 0x0000000100000000)
  region size 1024K, 6 young (6144K), 6 survivors (6144K)
 Metaspace       used 67755K, committed 68544K, reserved 491520K
  class space    used 9593K, committed 9984K, reserved 425984K
}
Event: 31.027 GC heap before
{Heap before GC invocations=31 (full 0):
 garbage-first heap   total 153600K, used 123267K [0x0000000080000000, 0x0000000100000000)
  region size 1024K, 63 young (64512K), 6 survivors (6144K)
 Metaspace       used 71912K, committed 72768K, reserved 491520K
  class space    used 10245K, committed 10624K, reserved 425984K
}
Event: 31.042 GC heap after
{Heap after GC invocations=32 (full 0):
 garbage-first heap   total 153600K, used 69976K [0x0000000080000000, 0x0000000100000000)
  region size 1024K, 6 young (6144K), 6 survivors (6144K)
 Metaspace       used 71912K, committed 72768K, reserved 491520K
  class space    used 10245K, committed 10624K, reserved 425984K
}
Event: 32.500 GC heap before
{Heap before GC invocations=32 (full 0):
 garbage-first heap   total 153600K, used 123224K [0x0000000080000000, 0x0000000100000000)
  region size 1024K, 58 young (59392K), 6 survivors (6144K)
 Metaspace       used 73511K, committed 74368K, reserved 491520K
  class space    used 10432K, committed 10880K, reserved 425984K
}
Event: 32.512 GC heap after
{Heap after GC invocations=33 (full 0):
 garbage-first heap   total 153600K, used 76440K [0x0000000080000000, 0x0000000100000000)
  region size 1024K, 8 young (8192K), 8 survivors (8192K)
 Metaspace       used 73511K, committed 74368K, reserved 491520K
  class space    used 10432K, committed 10880K, reserved 425984K
}
Event: 34.021 GC heap before
{Heap before GC invocations=33 (full 0):
 garbage-first heap   total 153600K, used 121496K [0x0000000080000000, 0x0000000100000000)
  region size 1024K, 52 young (53248K), 8 survivors (8192K)
 Metaspace       used 74149K, committed 75008K, reserved 491520K
  class space    used 10449K, committed 10880K, reserved 425984K
}
Event: 34.035 GC heap after
{Heap after GC invocations=34 (full 0):
 garbage-first heap   total 153600K, used 80048K [0x0000000080000000, 0x0000000100000000)
  region size 1024K, 6 young (6144K), 6 survivors (6144K)
 Metaspace       used 74149K, committed 75008K, reserved 491520K
  class space    used 10449K, committed 10880K, reserved 425984K
}
Event: 34.493 GC heap before
{Heap before GC invocations=34 (full 0):
 garbage-first heap   total 153600K, used 121008K [0x0000000080000000, 0x0000000100000000)
  region size 1024K, 47 young (48128K), 6 survivors (6144K)
 Metaspace       used 74220K, committed 75072K, reserved 491520K
  class space    used 10449K, committed 10880K, reserved 425984K
}
Event: 34.502 GC heap after
{Heap after GC invocations=35 (full 0):
 garbage-first heap   total 153600K, used 81226K [0x0000000080000000, 0x0000000100000000)
  region size 1024K, 4 young (4096K), 4 survivors (4096K)
 Metaspace       used 74220K, committed 75072K, reserved 491520K
  class space    used 10449K, committed 10880K, reserved 425984K
}
Event: 35.009 GC heap before
{Heap before GC invocations=35 (full 0):
 garbage-first heap   total 153600K, used 122186K [0x0000000080000000, 0x0000000100000000)
  region size 1024K, 45 young (46080K), 4 survivors (4096K)
 Metaspace       used 74226K, committed 75072K, reserved 491520K
  class space    used 10449K, committed 10880K, reserved 425984K
}
Event: 35.015 GC heap after
{Heap after GC invocations=36 (full 0):
 garbage-first heap   total 153600K, used 82214K [0x0000000080000000, 0x0000000100000000)
  region size 1024K, 4 young (4096K), 4 survivors (4096K)
 Metaspace       used 74226K, committed 75072K, reserved 491520K
  class space    used 10449K, committed 10880K, reserved 425984K
}
Event: 35.438 GC heap before
{Heap before GC invocations=36 (full 0):
 garbage-first heap   total 153600K, used 123174K [0x0000000080000000, 0x0000000100000000)
  region size 1024K, 45 young (46080K), 4 survivors (4096K)
 Metaspace       used 74229K, committed 75072K, reserved 491520K
  class space    used 10450K, committed 10880K, reserved 425984K
}
Event: 35.444 GC heap after
{Heap after GC invocations=37 (full 0):
 garbage-first heap   total 153600K, used 83332K [0x0000000080000000, 0x0000000100000000)
  region size 1024K, 4 young (4096K), 4 survivors (4096K)
 Metaspace       used 74229K, committed 75072K, reserved 491520K
  class space    used 10450K, committed 10880K, reserved 425984K
}
Event: 36.648 GC heap before
{Heap before GC invocations=37 (full 0):
 garbage-first heap   total 153600K, used 131460K [0x0000000080000000, 0x0000000100000000)
  region size 1024K, 45 young (46080K), 4 survivors (4096K)
 Metaspace       used 75810K, committed 76800K, reserved 557056K
  class space    used 10646K, committed 11136K, reserved 425984K
}
Event: 36.660 GC heap after
{Heap after GC invocations=38 (full 0):
 garbage-first heap   total 307200K, used 95565K [0x0000000080000000, 0x0000000100000000)
  region size 1024K, 6 young (6144K), 6 survivors (6144K)
 Metaspace       used 75810K, committed 76800K, reserved 557056K
  class space    used 10646K, committed 11136K, reserved 425984K
}
Event: 40.954 GC heap before
{Heap before GC invocations=38 (full 0):
 garbage-first heap   total 307200K, used 237901K [0x0000000080000000, 0x0000000100000000)
  region size 1024K, 137 young (140288K), 6 survivors (6144K)
 Metaspace       used 85783K, committed 86720K, reserved 557056K
  class space    used 11841K, committed 12288K, reserved 425984K
}
Event: 40.970 GC heap after
{Heap after GC invocations=39 (full 0):
 garbage-first heap   total 307200K, used 107827K [0x0000000080000000, 0x0000000100000000)
  region size 1024K, 14 young (14336K), 14 survivors (14336K)
 Metaspace       used 85783K, committed 86720K, reserved 557056K
  class space    used 11841K, committed 12288K, reserved 425984K
}

