# JRE version: Java(TM) SE Runtime Environment (17.0.14+8) (build 17.0.14+8-LTS-191)
# Java VM: Java HotSpot(TM) 64-Bit Server VM (17.0.14+8-LTS-191, mixed mode, sharing, tiered, compressed oops, compressed class ptrs, g1 gc, windows-amd64)
GC Precious Log:
 CPUs: 8 total, 8 available
 Memory: 6019M
 Large Page Support: Disabled
 NUMA Support: Disabled
 Compressed Oops: Enabled (32-bit)
 Heap Region Size: 1M
 Heap Min Capacity: 8M
 Heap Initial Capacity: 96M
 Heap Max Capacity: 2G
 Pre-touch: Disabled
 Parallel Workers: 8
 Concurrent Workers: 2
 Concurrent Refinement Workers: 8
 Periodic GC: Disabled
Heap:
 garbage-first heap   total 473088K, used 394843K [0x0000000080000000, 0x0000000100000000)
  region size 1024K, 37 young (37888K), 2 survivors (2048K)
 Metaspace       used 123943K, committed 125888K, reserved 557056K
  class space    used 17116K, committed 17984K, reserved 425984K
GC Heap History (20 events):
Event: 56.266 GC heap before
{Heap before GC invocations=97 (full 0):
 garbage-first heap   total 473088K, used 409290K [0x0000000080000000, 0x0000000100000000)
  region size 1024K, 81 young (82944K), 5 survivors (5120K)
 Metaspace       used 121306K, committed 123136K, reserved 557056K
  class space    used 16886K, committed 17728K, reserved 425984K
}
Event: 56.276 GC heap after
{Heap after GC invocations=98 (full 0):
 garbage-first heap   total 473088K, used 335791K [0x0000000080000000, 0x0000000100000000)
  region size 1024K, 9 young (9216K), 9 survivors (9216K)
 Metaspace       used 121306K, committed 123136K, reserved 557056K
  class space    used 16886K, committed 17728K, reserved 425984K
}
Event: 56.857 GC heap before
{Heap before GC invocations=98 (full 0):
 garbage-first heap   total 473088K, used 407471K [0x0000000080000000, 0x0000000100000000)
  region size 1024K, 80 young (81920K), 9 survivors (9216K)
 Metaspace       used 121516K, committed 123456K, reserved 557056K
  class space    used 16909K, committed 17792K, reserved 425984K
}
Event: 56.866 GC heap after
{Heap after GC invocations=99 (full 0):
 garbage-first heap   total 473088K, used 338479K [0x0000000080000000, 0x0000000100000000)
  region size 1024K, 6 young (6144K), 6 survivors (6144K)
 Metaspace       used 121516K, committed 123456K, reserved 557056K
  class space    used 16909K, committed 17792K, reserved 425984K
}
Event: 57.212 GC heap before
{Heap before GC invocations=99 (full 0):
 garbage-first heap   total 473088K, used 407087K [0x0000000080000000, 0x0000000100000000)
  region size 1024K, 74 young (75776K), 6 survivors (6144K)
 Metaspace       used 121576K, committed 123456K, reserved 557056K
  class space    used 16913K, committed 17792K, reserved 425984K
}
Event: 57.218 GC heap after
{Heap after GC invocations=100 (full 0):
 garbage-first heap   total 473088K, used 340088K [0x0000000080000000, 0x0000000100000000)
  region size 1024K, 7 young (7168K), 7 survivors (7168K)
 Metaspace       used 121576K, committed 123456K, reserved 557056K
  class space    used 16913K, committed 17792K, reserved 425984K
}
Event: 57.943 GC heap before
{Heap before GC invocations=100 (full 0):
 garbage-first heap   total 473088K, used 408696K [0x0000000080000000, 0x0000000100000000)
  region size 1024K, 75 young (76800K), 7 survivors (7168K)
 Metaspace       used 121784K, committed 123648K, reserved 557056K
  class space    used 16930K, committed 17792K, reserved 425984K
}
Event: 57.952 GC heap after
{Heap after GC invocations=101 (full 0):
 garbage-first heap   total 473088K, used 343786K [0x0000000080000000, 0x0000000100000000)
  region size 1024K, 8 young (8192K), 8 survivors (8192K)
 Metaspace       used 121784K, committed 123648K, reserved 557056K
  class space    used 16930K, committed 17792K, reserved 425984K
}
Event: 58.550 GC heap before
{Heap before GC invocations=101 (full 0):
 garbage-first heap   total 473088K, used 408297K [0x0000000080000000, 0x0000000100000000)
  region size 1024K, 72 young (73728K), 8 survivors (8192K)
 Metaspace       used 121945K, committed 123904K, reserved 557056K
  class space    used 16951K, committed 17856K, reserved 425984K
}
Event: 58.558 GC heap after
{Heap after GC invocations=102 (full 0):
 garbage-first heap   total 473088K, used 347233K [0x0000000080000000, 0x0000000100000000)
  region size 1024K, 6 young (6144K), 6 survivors (6144K)
 Metaspace       used 121945K, committed 123904K, reserved 557056K
  class space    used 16951K, committed 17856K, reserved 425984K
}
Event: 58.876 GC heap before
{Heap before GC invocations=102 (full 0):
 garbage-first heap   total 473088K, used 407649K [0x0000000080000000, 0x0000000100000000)
  region size 1024K, 66 young (67584K), 6 survivors (6144K)
 Metaspace       used 122011K, committed 123968K, reserved 557056K
  class space    used 16958K, committed 17856K, reserved 425984K
}
Event: 58.884 GC heap after
{Heap after GC invocations=103 (full 0):
 garbage-first heap   total 473088K, used 350418K [0x0000000080000000, 0x0000000100000000)
  region size 1024K, 6 young (6144K), 6 survivors (6144K)
 Metaspace       used 122011K, committed 123968K, reserved 557056K
  class space    used 16958K, committed 17856K, reserved 425984K
}
Event: 59.042 GC heap before
{Heap before GC invocations=103 (full 0):
 garbage-first heap   total 473088K, used 407762K [0x0000000080000000, 0x0000000100000000)
  region size 1024K, 63 young (64512K), 6 survivors (6144K)
 Metaspace       used 122011K, committed 123968K, reserved 557056K
  class space    used 16958K, committed 17856K, reserved 425984K
}
Event: 59.048 GC heap after
{Heap after GC invocations=104 (full 0):
 garbage-first heap   total 473088K, used 351180K [0x0000000080000000, 0x0000000100000000)
  region size 1024K, 4 young (4096K), 4 survivors (4096K)
 Metaspace       used 122011K, committed 123968K, reserved 557056K
  class space    used 16958K, committed 17856K, reserved 425984K
}
Event: 59.294 GC heap before
{Heap before GC invocations=104 (full 0):
 garbage-first heap   total 473088K, used 408524K [0x0000000080000000, 0x0000000100000000)
  region size 1024K, 61 young (62464K), 4 survivors (4096K)
 Metaspace       used 122035K, committed 123968K, reserved 557056K
  class space    used 16959K, committed 17856K, reserved 425984K
}
Event: 59.298 GC heap after
{Heap after GC invocations=105 (full 0):
 garbage-first heap   total 473088K, used 352398K [0x0000000080000000, 0x0000000100000000)
  region size 1024K, 5 young (5120K), 5 survivors (5120K)
 Metaspace       used 122035K, committed 123968K, reserved 557056K
  class space    used 16959K, committed 17856K, reserved 425984K
}
Event: 59.552 GC heap before
{Heap before GC invocations=105 (full 0):
 garbage-first heap   total 473088K, used 409742K [0x0000000080000000, 0x0000000100000000)
  region size 1024K, 62 young (63488K), 5 survivors (5120K)
 Metaspace       used 122044K, committed 123968K, reserved 557056K
  class space    used 16959K, committed 17856K, reserved 425984K
}
Event: 59.560 GC heap after
{Heap after GC invocations=106 (full 0):
 garbage-first heap   total 473088K, used 354939K [0x0000000080000000, 0x0000000100000000)
  region size 1024K, 7 young (7168K), 7 survivors (7168K)
 Metaspace       used 122044K, committed 123968K, reserved 557056K
  class space    used 16959K, committed 17856K, reserved 425984K
}
Event: 59.640 GC heap before
{Heap before GC invocations=106 (full 0):
 garbage-first heap   total 473088K, used 364155K [0x0000000080000000, 0x0000000100000000)
  region size 1024K, 18 young (18432K), 7 survivors (7168K)
 Metaspace       used 122085K, committed 123968K, reserved 557056K
  class space    used 16967K, committed 17856K, reserved 425984K
}
Event: 59.659 GC heap after
{Heap after GC invocations=107 (full 0):
 garbage-first heap   total 473088K, used 355931K [0x0000000080000000, 0x0000000100000000)
  region size 1024K, 2 young (2048K), 2 survivors (2048K)
 Metaspace       used 122085K, committed 123968K, reserved 557056K
  class space    used 16967K, committed 17856K, reserved 425984K
}

